tutorial.js:7 Establishing a connection with Kinetica...
tutorial.js:21 {"table_name":"","table_names":["kml_audit","ki_catalog","pg_catalog","kml_audit_archive","sys_sql_temp","ki_home","tutorial_java","GLOVE","sys_security","demo","tutorial_sql","kml_archive","testbase","sys_temp","example_geospatial","tutorial_table_monitor","information_schema","tutorial_python","tutorial_js","test","kml","example","tutorial_isochrones","tutorial_graph","sys_sql_mv_members","SYSTEM","tutorial_mh_java","qs"],"table_descriptions":[["COLLECTION","SCHEMA"],["COLLECTION","SCHEMA"],["COLLECTION","SCHEMA"],["COLLECTION","SCHEMA"],["COLLECTION","SCHEMA"],["COLLECTION","SCHEMA"],["COLLECTION","SCHEMA"],["COLLECTION","SCHEMA"],["COLLECTION","SCHEMA"],["COLLECTION","SCHEMA"],["COLLECTION","SCHEMA"],["COLLECTION","SCHEMA"],["COLLECTION","SCHEMA"],["COLLECTION","SCHEMA"],["COLLECTION","SCHEMA"],["COLLECTION","SCHEMA"],["COLLECTION","SCHEMA"],["COLLECTION","SCHEMA"],["COLLECTION","SCHEMA"],["COLLECTION","SCHEMA"],["COLLECTION","SCHEMA"],["COLLECTION","SCHEMA"],["COLLECTION","SCHEMA"],["COLLECTION","SCHEMA"],["COLLECTION","SCHEMA"],["COLLECTION","SCHEMA"],["COLLECTION","SCHEMA"],["COLLECTION","SCHEMA"]],"type_ids":["<collection>","<collection>","<collection>","<collection>","<collection>","<collection>","<collection>","<collection>","<collection>","<collection>","<collection>","<collection>","<collection>","<collection>","<collection>","<collection>","<collection>","<collection>","<collection>","<collection>","<collection>","<collection>","<collection>","<collection>","<collection>","<collection>","<collection>","<collection>"],"type_schemas":["<collection>","<collection>","<collection>","<collection>","<collection>","<collection>","<collection>","<collection>","<collection>","<collection>","<collection>","<collection>","<collection>","<collection>","<collection>","<collection>","<collection>","<collection>","<collection>","<collection>","<collection>","<collection>","<collection>","<collection>","<collection>","<collection>","<collection>","<collection>"],"type_labels":["<collection>","<collection>","<collection>","<collection>","<collection>","<collection>","<collection>","<collection>","<collection>","<collection>","<collection>","<collection>","<collection>","<collection>","<collection>","<collection>","<collection>","<collection>","<collection>","<collection>","<collection>","<collection>","<collection>","<collection>","<collection>","<collection>","<collection>","<collection>"],"properties":[{},{},{},{},{},{},{},{},{},{},{},{},{},{},{},{},{},{},{},{},{},{},{},{},{},{},{},{}],"additional_info":[{},{},{},{},{},{},{},{},{},{},{},{},{},{},{},{},{},{},{},{},{},{},{},{},{},{},{},{}],"sizes":[],"full_sizes":[],"join_sizes":[],"total_size":-1,"total_full_size":-1,"info":{}}
tutorial.js:56 Record IDs for newly inserted records: 000100000000206f_0000000000000000,000100000000206f_0000000000000001,000100000000206f_0000000000000002,000100000000206f_0000000000000003,000100000000206f_0000000000000004,000100000000206f_0000000000000005,000100000000206f_0000000000000006,000100000000206f_0000000000000007,000100000000206f_0000000000000008,000100000000206f_0000000000000009
tutorial.js:60 Retrieved records: 
tutorial.js:61 [{"col1":0.1,"col2":"string 0","group_id":"Group 1"},{"col1":1.1,"col2":"string 1","group_id":"Group 1"},{"col1":2.1,"col2":"string 2","group_id":"Group 1"},{"col1":3.1,"col2":"string 3","group_id":"Group 1"},{"col1":4.1,"col2":"string 4","group_id":"Group 1"},{"col1":5.1,"col2":"string 5","group_id":"Group 1"},{"col1":6.1,"col2":"string 6","group_id":"Group 1"},{"col1":7.1,"col2":"string 7","group_id":"Group 1"},{"col1":8.1,"col2":"string 8","group_id":"Group 1"},{"col1":9.1,"col2":"string 9","group_id":"Group 1"}]
tutorial.js:65 Number of filtered records: 1
tutorial.js:69 Filtered records: 
tutorial.js:70 [{"col1":1.1,"col2":"string 1","group_id":"Group 1"}]
tutorial.js:77 Number of records filtered by the second expression: 9
tutorial.js:81 Second set of filtered records: 
tutorial.js:82 [{"col1":0.1,"col2":"string 0","group_id":"Group 1"},{"col1":1.1,"col2":"string 1","group_id":"Group 1"},{"col1":2.1,"col2":"string 2","group_id":"Group 1"},{"col1":3.1,"col2":"string 3","group_id":"Group 1"},{"col1":4.1,"col2":"string 4","group_id":"Group 1"},{"col1":5.1,"col2":"string 5","group_id":"Group 1"},{"col1":6.1,"col2":"string 6","group_id":"Group 1"},{"col1":7.1,"col2":"string 7","group_id":"Group 1"},{"col1":8.1,"col2":"string 8","group_id":"Group 1"}]
tutorial.js:90 Number of records filtered by list: 3
tutorial.js:94 Records filtered by a list: 
tutorial.js:95 [{"col1":1.1,"col2":"string 1","group_id":"Group 1"},{"col1":2.1,"col2":"string 2","group_id":"Group 1"},{"col1":5.1,"col2":"string 5","group_id":"Group 1"}]
tutorial.js:99 Number of records filtered by range: 4
tutorial.js:103 Records filtered by a range: 
tutorial.js:104 [{"col1":1.1,"col2":"string 1","group_id":"Group 1"},{"col1":2.1,"col2":"string 2","group_id":"Group 1"},{"col1":3.1,"col2":"string 3","group_id":"Group 1"},{"col1":4.1,"col2":"string 4","group_id":"Group 1"}]
tutorial.js:108 Statistics of values in 'col1': [object Object]
tutorial.js:111 Inserting more records into the table...
tutorial.js:125 Unique of values in 'group_id': 
tutorial.js:126 {"column_1":["Group 1","Group 2"],"column_headers":["group_id"],"column_datatypes":["string"]}
tutorial.js:131 Group by results: 
tutorial.js:132 {"column_1":["string 2","string 0","string 8","string 5","string 9","string 6","string 1","string 3","string 7","string 4"],"column_headers":["col2"],"column_datatypes":["string"]}
tutorial.js:137 Second group by results: 
tutorial.js:138 {"column_1":["Group 2","Group 1"],"column_2":[7,10],"column_3":[98.69999999999999,46],"column_4":[14.099999999999998,4.6],"column_headers":["group_id","count(*)","sum(col1)","avg(col1)"],"column_datatypes":["string","long","double","double"]}
tutorial.js:143 Third group by results: 
tutorial.js:144 {"column_1":["Group 1","Group 2"],"column_2":[294.09999999999997,1419.67],"column_headers":["group_id","sum(col1*col1)"],"column_datatypes":["string","double"]}
tutorial.js:147 Inserting more records into the table...
tutorial.js:165 Histogram results: 
tutorial.js:166 {"counts":[1],"start":1.1,"end":2,"info":{}}
GPUdb.js:666     POST http://172.31.70.7:9191/show/table 400 (Bad Request)
sendRequest @ GPUdb.js:666
GPUdb.submit_request_async @ GPUdb.js:669
GPUdb.submit_request @ GPUdb.js:337
GPUdb.show_table @ GPUdb.js:23793
main @ tutorial.js:173
tutor @ tutorial.html:14
onsubmit @ tutorial.html:18
tutorial.js:178 View <tutorial_js.view_3> not available as expected.
